2014/09/06 14:21:48 [error] [exception.CHttpException.404] exception 'CHttpException' with message 'Unable to resolve the request "js/angular.min.js.map".' in E:\xampp\htdocs\calicargo\framework\web\CWebApplication.php:287
Stack trace:
#0 E:\xampp\htdocs\calicargo\framework\web\CWebApplication.php(142): CWebApplication->runController('js/angular.min....')
#1 E:\xampp\htdocs\calicargo\framework\base\CApplication.php(162): CWebApplication->processRequest()
#2 E:\xampp\htdocs\calicargo\back\index.php(14): CApplication->run()
#3 {main}
REQUEST_URI=/calicargo/back/js/angular.min.js.map
HTTP_REFERER=http://localhost/calicargo/back/category/edit/id/2/?s=1
---
2014/09/06 14:21:48 [error] [exception.CHttpException.404] exception 'CHttpException' with message 'Unable to resolve the request "js/angular-route.min.js.map".' in E:\xampp\htdocs\calicargo\framework\web\CWebApplication.php:287
Stack trace:
#0 E:\xampp\htdocs\calicargo\framework\web\CWebApplication.php(142): CWebApplication->runController('js/angular-rout...')
#1 E:\xampp\htdocs\calicargo\framework\base\CApplication.php(162): CWebApplication->processRequest()
#2 E:\xampp\htdocs\calicargo\back\index.php(14): CApplication->run()
#3 {main}
REQUEST_URI=/calicargo/back/js/angular-route.min.js.map
HTTP_REFERER=http://localhost/calicargo/back/category/edit/id/2/?s=1
---
2014/09/06 14:21:48 [error] [exception.CHttpException.404] exception 'CHttpException' with message 'Unable to resolve the request "js/angular-sanitize.min.js.map".' in E:\xampp\htdocs\calicargo\framework\web\CWebApplication.php:287
Stack trace:
#0 E:\xampp\htdocs\calicargo\framework\web\CWebApplication.php(142): CWebApplication->runController('js/angular-sani...')
#1 E:\xampp\htdocs\calicargo\framework\base\CApplication.php(162): CWebApplication->processRequest()
#2 E:\xampp\htdocs\calicargo\back\index.php(14): CApplication->run()
#3 {main}
REQUEST_URI=/calicargo/back/js/angular-sanitize.min.js.map
HTTP_REFERER=http://localhost/calicargo/back/category/edit/id/2/?s=1
---
2014/09/06 14:23:00 [error] [exception.CHttpException.404] exception 'CHttpException' with message 'Unable to resolve the request "js/angular.min.js.map".' in E:\xampp\htdocs\calicargo\framework\web\CWebApplication.php:287
Stack trace:
#0 E:\xampp\htdocs\calicargo\framework\web\CWebApplication.php(142): CWebApplication->runController('js/angular.min....')
#1 E:\xampp\htdocs\calicargo\framework\base\CApplication.php(162): CWebApplication->processRequest()
#2 E:\xampp\htdocs\calicargo\back\index.php(14): CApplication->run()
#3 {main}
REQUEST_URI=/calicargo/back/js/angular.min.js.map
HTTP_REFERER=http://localhost/calicargo/back/category/edit/id/2/?s=1
---
2014/09/06 14:23:00 [error] [exception.CHttpException.404] exception 'CHttpException' with message 'Unable to resolve the request "js/jquery-1.10.2.min.map".' in E:\xampp\htdocs\calicargo\framework\web\CWebApplication.php:287
Stack trace:
#0 E:\xampp\htdocs\calicargo\framework\web\CWebApplication.php(142): CWebApplication->runController('js/jquery-1.10....')
#1 E:\xampp\htdocs\calicargo\framework\base\CApplication.php(162): CWebApplication->processRequest()
#2 E:\xampp\htdocs\calicargo\back\index.php(14): CApplication->run()
#3 {main}
REQUEST_URI=/calicargo/back/js/jquery-1.10.2.min.map
HTTP_REFERER=http://localhost/calicargo/back/category/edit/id/2/?s=1
---
2014/09/06 14:23:00 [error] [exception.CHttpException.404] exception 'CHttpException' with message 'Unable to resolve the request "css/bootstrap.css.map".' in E:\xampp\htdocs\calicargo\framework\web\CWebApplication.php:287
Stack trace:
#0 E:\xampp\htdocs\calicargo\framework\web\CWebApplication.php(142): CWebApplication->runController('css/bootstrap.c...')
#1 E:\xampp\htdocs\calicargo\framework\base\CApplication.php(162): CWebApplication->processRequest()
#2 E:\xampp\htdocs\calicargo\back\index.php(14): CApplication->run()
#3 {main}
REQUEST_URI=/calicargo/back/css/bootstrap.css.map
HTTP_REFERER=http://localhost/calicargo/back/category/edit/id/2/?s=1
---
2014/09/06 14:23:00 [error] [exception.CHttpException.404] exception 'CHttpException' with message 'Unable to resolve the request "js/angular-sanitize.min.js.map".' in E:\xampp\htdocs\calicargo\framework\web\CWebApplication.php:287
Stack trace:
#0 E:\xampp\htdocs\calicargo\framework\web\CWebApplication.php(142): CWebApplication->runController('js/angular-sani...')
#1 E:\xampp\htdocs\calicargo\framework\base\CApplication.php(162): CWebApplication->processRequest()
#2 E:\xampp\htdocs\calicargo\back\index.php(14): CApplication->run()
#3 {main}
REQUEST_URI=/calicargo/back/js/angular-sanitize.min.js.map
HTTP_REFERER=http://localhost/calicargo/back/category/edit/id/2/?s=1
---
2014/09/06 14:23:00 [error] [exception.CHttpException.404] exception 'CHttpException' with message 'Unable to resolve the request "js/angular-route.min.js.map".' in E:\xampp\htdocs\calicargo\framework\web\CWebApplication.php:287
Stack trace:
#0 E:\xampp\htdocs\calicargo\framework\web\CWebApplication.php(142): CWebApplication->runController('js/angular-rout...')
#1 E:\xampp\htdocs\calicargo\framework\base\CApplication.php(162): CWebApplication->processRequest()
#2 E:\xampp\htdocs\calicargo\back\index.php(14): CApplication->run()
#3 {main}
REQUEST_URI=/calicargo/back/js/angular-route.min.js.map
HTTP_REFERER=http://localhost/calicargo/back/category/edit/id/2/?s=1
---
2014/09/06 14:23:00 [error] [exception.CHttpException.404] exception 'CHttpException' with message 'Unable to resolve the request "js/angular-resource.min.js.map".' in E:\xampp\htdocs\calicargo\framework\web\CWebApplication.php:287
Stack trace:
#0 E:\xampp\htdocs\calicargo\framework\web\CWebApplication.php(142): CWebApplication->runController('js/angular-reso...')
#1 E:\xampp\htdocs\calicargo\framework\base\CApplication.php(162): CWebApplication->processRequest()
#2 E:\xampp\htdocs\calicargo\back\index.php(14): CApplication->run()
#3 {main}
REQUEST_URI=/calicargo/back/js/angular-resource.min.js.map
HTTP_REFERER=http://localhost/calicargo/back/category/edit/id/2/?s=1
---
